date: Sun, 12 Apr 2020 18:33:15 GMT   "GET /doc/"  status: 304  params: {} body: {} referrer: "-" 
date: Sun, 12 Apr 2020 18:33:16 GMT   "GET /doc/swagger-ui.css"  status: 304  params: {} body: {} referrer: "http://localhost:4000/doc/" 
date: Sun, 12 Apr 2020 18:33:16 GMT   "GET /doc/swagger-ui-bundle.js"  status: 304  params: {} body: {} referrer: "http://localhost:4000/doc/" 
date: Sun, 12 Apr 2020 18:33:16 GMT   "GET /doc/swagger-ui-init.js"  status: 304  params: {} body: {} referrer: "http://localhost:4000/doc/" 
date: Sun, 12 Apr 2020 18:33:16 GMT   "GET /doc/swagger-ui-standalone-preset.js"  status: 304  params: {} body: {} referrer: "http://localhost:4000/doc/" 
date: Sun, 12 Apr 2020 18:35:24 GMT   "GET /doc/"  status: 304  params: {} body: {} referrer: "-" 
date: Sun, 12 Apr 2020 18:35:24 GMT   "GET /doc/swagger-ui-bundle.js"  status: 304  params: {} body: {} referrer: "http://localhost:4000/doc/" 
date: Sun, 12 Apr 2020 18:35:24 GMT   "GET /doc/swagger-ui.css"  status: 304  params: {} body: {} referrer: "http://localhost:4000/doc/" 
date: Sun, 12 Apr 2020 18:35:24 GMT   "GET /doc/swagger-ui-init.js"  status: 304  params: {} body: {} referrer: "http://localhost:4000/doc/" 
date: Sun, 12 Apr 2020 18:35:24 GMT   "GET /doc/swagger-ui-standalone-preset.js"  status: 304  params: {} body: {} referrer: "http://localhost:4000/doc/" 
date: Sun, 12 Apr 2020 18:36:17 GMT   "GET /doc/"  status: 304  params: {} body: {} referrer: "-" 
date: Sun, 12 Apr 2020 18:36:17 GMT   "GET /doc/swagger-ui-init.js"  status: 304  params: {} body: {} referrer: "http://localhost:4000/doc/" 
date: Sun, 12 Apr 2020 18:36:17 GMT   "GET /doc/swagger-ui.css"  status: 304  params: {} body: {} referrer: "http://localhost:4000/doc/" 
date: Sun, 12 Apr 2020 18:36:17 GMT   "GET /doc/swagger-ui-bundle.js"  status: 304  params: {} body: {} referrer: "http://localhost:4000/doc/" 
date: Sun, 12 Apr 2020 18:36:17 GMT   "GET /doc/swagger-ui-standalone-preset.js"  status: 304  params: {} body: {} referrer: "http://localhost:4000/doc/" 
date: Sun, 12 Apr 2020 18:38:15 GMT   "GET /doc/"  status: 304  params: {} body: {} referrer: "-" 
date: Sun, 12 Apr 2020 18:38:15 GMT   "GET /doc/swagger-ui.css"  status: 304  params: {} body: {} referrer: "http://localhost:4000/doc/" 
date: Sun, 12 Apr 2020 18:38:15 GMT   "GET /doc/swagger-ui-bundle.js"  status: 304  params: {} body: {} referrer: "http://localhost:4000/doc/" 
date: Sun, 12 Apr 2020 18:38:15 GMT   "GET /doc/swagger-ui-init.js"  status: 304  params: {} body: {} referrer: "http://localhost:4000/doc/" 
date: Sun, 12 Apr 2020 18:38:15 GMT   "GET /doc/swagger-ui-standalone-preset.js"  status: 304  params: {} body: {} referrer: "http://localhost:4000/doc/" 
date: Sun, 12 Apr 2020 18:40:35 GMT   "GET /doc/"  status: 304  params: {} body: {} referrer: "-" 
date: Sun, 12 Apr 2020 18:40:35 GMT   "GET /doc/swagger-ui.css"  status: 304  params: {} body: {} referrer: "http://localhost:4000/doc/" 
date: Sun, 12 Apr 2020 18:40:35 GMT   "GET /doc/swagger-ui-init.js"  status: 304  params: {} body: {} referrer: "http://localhost:4000/doc/" 
date: Sun, 12 Apr 2020 18:40:35 GMT   "GET /doc/swagger-ui-bundle.js"  status: 304  params: {} body: {} referrer: "http://localhost:4000/doc/" 
date: Sun, 12 Apr 2020 18:40:35 GMT   "GET /doc/swagger-ui-standalone-preset.js"  status: 304  params: {} body: {} referrer: "http://localhost:4000/doc/" 
date: Sun, 12 Apr 2020 18:43:23 GMT   "GET /doc/"  status: 304  params: {} body: {} referrer: "-" 
date: Sun, 12 Apr 2020 18:43:23 GMT   "GET /doc/swagger-ui.css"  status: 304  params: {} body: {} referrer: "http://localhost:4000/doc/" 
date: Sun, 12 Apr 2020 18:43:23 GMT   "GET /doc/swagger-ui-bundle.js"  status: 304  params: {} body: {} referrer: "http://localhost:4000/doc/" 
date: Sun, 12 Apr 2020 18:43:23 GMT   "GET /doc/swagger-ui-init.js"  status: 304  params: {} body: {} referrer: "http://localhost:4000/doc/" 
date: Sun, 12 Apr 2020 18:43:23 GMT   "GET /doc/swagger-ui-standalone-preset.js"  status: 304  params: {} body: {} referrer: "http://localhost:4000/doc/" 
date: Sun, 12 Apr 2020 18:43:34 GMT   "DELETE /users/1"  status: 204  params: {"id":"1"} body: {} referrer: "http://localhost:4000/doc/" 
date: Sun, 12 Apr 2020 18:44:45 GMT   "GET /doc/"  status: 200  params: {} body: {} referrer: "-" 
date: Sun, 12 Apr 2020 18:44:45 GMT   "GET /doc/swagger-ui-init.js"  status: 304  params: {} body: {} referrer: "http://localhost:4000/doc/" 
date: Sun, 12 Apr 2020 18:44:45 GMT   "GET /doc/swagger-ui.css"  status: 304  params: {} body: {} referrer: "http://localhost:4000/doc/" 
date: Sun, 12 Apr 2020 18:44:45 GMT   "GET /doc/swagger-ui-standalone-preset.js"  status: 304  params: {} body: {} referrer: "http://localhost:4000/doc/" 
date: Sun, 12 Apr 2020 18:44:45 GMT   "GET /doc/swagger-ui-bundle.js"  status: 304  params: {} body: {} referrer: "http://localhost:4000/doc/" 
date: Sun, 12 Apr 2020 18:45:01 GMT   "DELETE /users/1"  status: 204  params: {"id":"1"} body: {} referrer: "http://localhost:4000/doc/" 
date: Sun, 12 Apr 2020 18:45:30 GMT   "GET /doc/"  status: 304  params: {} body: {} referrer: "-" 
date: Sun, 12 Apr 2020 18:45:30 GMT   "GET /doc/swagger-ui.css"  status: 304  params: {} body: {} referrer: "http://localhost:4000/doc/" 
date: Sun, 12 Apr 2020 18:45:30 GMT   "GET /doc/swagger-ui-bundle.js"  status: 304  params: {} body: {} referrer: "http://localhost:4000/doc/" 
date: Sun, 12 Apr 2020 18:45:30 GMT   "GET /doc/swagger-ui-init.js"  status: 304  params: {} body: {} referrer: "http://localhost:4000/doc/" 
date: Sun, 12 Apr 2020 18:45:30 GMT   "GET /doc/swagger-ui-standalone-preset.js"  status: 304  params: {} body: {} referrer: "http://localhost:4000/doc/" 
date: Sun, 12 Apr 2020 18:45:31 GMT   "GET /doc/swagger-ui-bundle.js"  status: 304  params: {} body: {} referrer: "http://localhost:4000/doc/" 
date: Sun, 12 Apr 2020 18:45:31 GMT   "GET /doc/swagger-ui-standalone-preset.js"  status: 304  params: {} body: {} referrer: "http://localhost:4000/doc/" 
date: Sun, 12 Apr 2020 18:45:31 GMT   "GET /doc/swagger-ui-init.js"  status: 304  params: {} body: {} referrer: "http://localhost:4000/doc/" 
date: Sun, 12 Apr 2020 18:45:43 GMT   "DELETE /users/1"  status: 204  params: {"id":"1"} body: {} referrer: "http://localhost:4000/doc/" 
date: Sun, 12 Apr 2020 18:49:56 GMT   "GET /doc/"  status: 304  params: {} body: {} referrer: "-" 
date: Sun, 12 Apr 2020 18:49:56 GMT   "GET /doc/swagger-ui.css"  status: 304  params: {} body: {} referrer: "http://localhost:4000/doc/" 
date: Sun, 12 Apr 2020 18:49:56 GMT   "GET /doc/swagger-ui-init.js"  status: 304  params: {} body: {} referrer: "http://localhost:4000/doc/" 
date: Sun, 12 Apr 2020 18:49:56 GMT   "GET /doc/swagger-ui-bundle.js"  status: 304  params: {} body: {} referrer: "http://localhost:4000/doc/" 
date: Sun, 12 Apr 2020 18:49:56 GMT   "GET /doc/swagger-ui-standalone-preset.js"  status: 304  params: {} body: {} referrer: "http://localhost:4000/doc/" 
date: Sun, 12 Apr 2020 18:59:45 GMT   "GET /users"  status: 200  params: {} body: {} referrer: "-" 
