date: Thu, 23 Apr 2020 13:06:48 GMT   "GET /boards/12345/tasks/12345"  status: 404  params: {} body: {} referrer: "-" 
date: Thu, 23 Apr 2020 13:06:48 GMT   "POST /login"  status: 400  params: {} body: {"login":"admin","password":"admin"} referrer: "-" 
date: Thu, 23 Apr 2020 13:06:48 GMT   "POST /login"  status: 400  params: {} body: {"login":"admin","password":"admin"} referrer: "-" 
date: Thu, 23 Apr 2020 13:06:49 GMT   "PUT /boards/12345/tasks/12345"  status: 404  params: {} body: {"title":"Autotest task","order":0,"description":"Lorem ipsum","userId":null,"boardId":null,"columnId":null} referrer: "-" 
date: Thu, 23 Apr 2020 13:06:49 GMT   "GET /boards/f72de8aa-7e7c-4710-af08-d6f2150b15bb"  status: 500  params: {} body: {} referrer: "-" 
date: Thu, 23 Apr 2020 13:06:50 GMT   "GET /boards/2eb1273e-ceda-43ee-af9d-c061b44be64e"  status: 500  params: {} body: {} referrer: "-" 
date: Thu, 23 Apr 2020 13:06:50 GMT   "GET /boards/12345"  status: 404  params: {} body: {} referrer: "-" 
date: Thu, 23 Apr 2020 13:06:50 GMT   "PUT /boards/12345"  status: 404  params: {} body: {"title":"Autotest board","columns":[{"title":"Backlog","order":1},{"title":"Sprint","order":2}]} referrer: "-" 
date: Thu, 23 Apr 2020 13:06:50 GMT   "GET /boards/0ca261bd-72b7-4d65-93f8-ed3a937da064/tasks/20f725df-8c93-4b67-a91a-43fec196b8ed"  status: 404  params: {} body: {} referrer: "-" 
date: Thu, 23 Apr 2020 13:06:51 GMT   "GET /boards/d0b2e722-0eb5-438e-9cb3-a30346a15457"  status: 404  params: {} body: {} referrer: "-" 
date: Thu, 23 Apr 2020 13:06:51 GMT   "GET /boards/2afed667-ffc4-4205-809d-6d1bd16ae11d/tasks/21ed38ee-e7ea-46f5-8666-62fc84925697"  status: 404  params: {} body: {} referrer: "-" 
date: Thu, 23 Apr 2020 13:06:51 GMT   "GET /boards/2afed667-ffc4-4205-809d-6d1bd16ae11d/tasks/72029e3b-ec1b-4be0-991a-d72f9495c9bb"  status: 404  params: {} body: {} referrer: "-" 
date: Thu, 23 Apr 2020 13:06:51 GMT   "GET /boards/2afed667-ffc4-4205-809d-6d1bd16ae11d/tasks/819f3d2b-12dc-4309-b39f-7758076e381b"  status: 404  params: {} body: {} referrer: "-" 
date: Thu, 23 Apr 2020 13:06:51 GMT   "GET /boards/2afed667-ffc4-4205-809d-6d1bd16ae11d/tasks/92121f34-049a-4786-a1cb-9b50c21c5dcb"  status: 404  params: {} body: {} referrer: "-" 
date: Thu, 23 Apr 2020 13:06:51 GMT   "GET /boards/2afed667-ffc4-4205-809d-6d1bd16ae11d/tasks/5b42bcf7-7bf7-4019-bd6a-6b8f568d39f0"  status: 404  params: {} body: {} referrer: "-" 
date: Thu, 23 Apr 2020 13:06:51 GMT   "POST /login"  status: 400  params: {} body: {"login":"admin","password":"admin"} referrer: "-" 
date: Thu, 23 Apr 2020 13:06:51 GMT   "GET /users/123"  status: 404  params: {} body: {} referrer: "-" 
date: Fri, 24 Apr 2020 20:25:18 GMT   "GET /boards/12345/tasks/12345"  status: 404  params: {} body: {} referrer: "-" 
date: Fri, 24 Apr 2020 20:25:18 GMT   "GET /boards/12345"  status: 404  params: {} body: {} referrer: "-" 
date: Fri, 24 Apr 2020 20:25:18 GMT   "GET /users/123"  status: 404  params: {} body: {} referrer: "-" 
date: Fri, 24 Apr 2020 20:25:18 GMT   "PUT /boards/12345/tasks/12345"  status: 404  params: {} body: {"title":"Autotest task","order":0,"description":"Lorem ipsum","userId":null,"boardId":null,"columnId":null} referrer: "-" 
date: Fri, 24 Apr 2020 20:25:19 GMT   "PUT /boards/12345"  status: 404  params: {} body: {"title":"Autotest board","columns":[{"title":"Backlog","order":1},{"title":"Sprint","order":2}]} referrer: "-" 
date: Fri, 24 Apr 2020 20:25:21 GMT   "POST /login"  status: 400  params: {} body: {"login":"admin","password":"admin"} referrer: "-" 
date: Fri, 24 Apr 2020 20:25:21 GMT   "POST /login"  status: 400  params: {} body: {"login":"admin","password":"admin"} referrer: "-" 
date: Fri, 24 Apr 2020 20:25:21 GMT   "POST /login"  status: 400  params: {} body: {"login":"admin","password":"admin"} referrer: "-" 
date: Fri, 24 Apr 2020 20:25:21 GMT   "GET /boards/2532926a-636b-4c6b-ae1b-5930672a9d25"  status: 500  params: {} body: {} referrer: "-" 
date: Fri, 24 Apr 2020 20:25:22 GMT   "GET /boards/64a454f5-7688-4ab0-a8d7-192f5e49e2c6"  status: 500  params: {} body: {} referrer: "-" 
date: Fri, 24 Apr 2020 20:25:23 GMT   "GET /boards/aeb54b1b-24e3-4f7d-8d40-b901c3ee34f3/tasks/8163c93e-a0a1-4a9b-814d-0f1e6f3ef8db"  status: 404  params: {} body: {} referrer: "-" 
date: Fri, 24 Apr 2020 20:25:23 GMT   "GET /boards/d0581117-9439-409c-9717-fdfcf2ee07e5"  status: 404  params: {} body: {} referrer: "-" 
date: Fri, 24 Apr 2020 20:25:23 GMT   "GET /boards/b1642dfc-52d0-42f7-96f1-6518613663fc/tasks/9da5a6bb-1985-4d63-9442-d00e6351cf1c"  status: 404  params: {} body: {} referrer: "-" 
date: Fri, 24 Apr 2020 20:25:23 GMT   "GET /boards/b1642dfc-52d0-42f7-96f1-6518613663fc/tasks/dafe6e02-888f-4984-b1f1-9bd6222b3b87"  status: 404  params: {} body: {} referrer: "-" 
date: Fri, 24 Apr 2020 20:25:23 GMT   "GET /boards/b1642dfc-52d0-42f7-96f1-6518613663fc/tasks/fb68a4c6-8d30-446f-96a8-1d90ca40b5cf"  status: 404  params: {} body: {} referrer: "-" 
date: Fri, 24 Apr 2020 20:25:24 GMT   "GET /boards/b1642dfc-52d0-42f7-96f1-6518613663fc/tasks/626dbec4-dfd1-4380-b7e0-a1e8a3df2afb"  status: 404  params: {} body: {} referrer: "-" 
date: Fri, 24 Apr 2020 20:25:24 GMT   "GET /boards/b1642dfc-52d0-42f7-96f1-6518613663fc/tasks/352ff9db-5c1c-443e-88ea-b1cf145f69f2"  status: 404  params: {} body: {} referrer: "-" 
